  [1m[35m (175.8ms)[0m  [1m[35mCREATE DATABASE "jordan_backend_development" ENCODING = 'unicode'[0m
  [1m[35m (66.1ms)[0m  [1m[35mCREATE DATABASE "jordan_backend_test" ENCODING = 'unicode'[0m
  [1m[35m (27.4ms)[0m  [1m[35mCREATE TABLE "schema_migrations" ("version" character varying NOT NULL PRIMARY KEY)[0m
  [1m[35m (6.7ms)[0m  [1m[35mCREATE TABLE "ar_internal_metadata" ("key" character varying NOT NULL PRIMARY KEY, "value" character varying, "created_at" timestamp(6) NOT NULL, "updated_at" timestamp(6) NOT NULL)[0m
  [1m[35m (0.9ms)[0m  [1m[34mSELECT pg_try_advisory_lock(1688244650143573830)[0m
  [1m[35m (0.3ms)[0m  [1m[34mSELECT "schema_migrations"."version" FROM "schema_migrations" ORDER BY "schema_migrations"."version" ASC[0m
Migrating to CreateSneakers (20200214211238)
  [1m[35m (0.1ms)[0m  [1m[35mBEGIN[0m
  [1m[35m (10.6ms)[0m  [1m[35mCREATE TABLE "sneakers" ("id" bigserial primary key, "name" character varying, "price" integer, "releaseDatecolorsAvailable" character varying, "category" character varying, "profilePic" character varying, "leftPic" character varying, "rightPic" character varying, "topPic" character varying, "solePic" character varying, "created_at" timestamp(6) NOT NULL, "updated_at" timestamp(6) NOT NULL)[0m
  [1m[36mprimary::SchemaMigration Create (2.7ms)[0m  [1m[32mINSERT INTO "schema_migrations" ("version") VALUES ($1) RETURNING "version"[0m  [["version", "20200214211238"]]
  [1m[35m (0.5ms)[0m  [1m[35mCOMMIT[0m
  [1m[36mActiveRecord::InternalMetadata Load (0.2ms)[0m  [1m[34mSELECT "ar_internal_metadata".* FROM "ar_internal_metadata" WHERE "ar_internal_metadata"."key" = $1 LIMIT $2[0m  [["key", "environment"], ["LIMIT", 1]]
  [1m[35m (0.1ms)[0m  [1m[35mBEGIN[0m
  [1m[36mActiveRecord::InternalMetadata Create (1.7ms)[0m  [1m[32mINSERT INTO "ar_internal_metadata" ("key", "value", "created_at", "updated_at") VALUES ($1, $2, $3, $4) RETURNING "key"[0m  [["key", "environment"], ["value", "development"], ["created_at", "2020-02-14 21:14:26.093595"], ["updated_at", "2020-02-14 21:14:26.093595"]]
  [1m[35m (0.4ms)[0m  [1m[35mCOMMIT[0m
  [1m[35m (0.2ms)[0m  [1m[34mSELECT pg_advisory_unlock(1688244650143573830)[0m
  [1m[35m (0.9ms)[0m  [1m[34mSELECT "schema_migrations"."version" FROM "schema_migrations" ORDER BY "schema_migrations"."version" ASC[0m
  [1m[35m (0.2ms)[0m  [1m[34mSELECT pg_try_advisory_lock(1688244650143573830)[0m
  [1m[35m (0.5ms)[0m  [1m[34mSELECT "schema_migrations"."version" FROM "schema_migrations" ORDER BY "schema_migrations"."version" ASC[0m
Migrating to RemoveleftPicFromSneakers (20200214213202)
  [1m[35m (0.1ms)[0m  [1m[35mBEGIN[0m
  [1m[35m (8.0ms)[0m  [1m[35mALTER TABLE "sneakers" DROP COLUMN "leftPic"[0m
  [1m[36mprimary::SchemaMigration Create (0.2ms)[0m  [1m[32mINSERT INTO "schema_migrations" ("version") VALUES ($1) RETURNING "version"[0m  [["version", "20200214213202"]]
  [1m[35m (0.8ms)[0m  [1m[35mCOMMIT[0m
  [1m[36mActiveRecord::InternalMetadata Load (3.7ms)[0m  [1m[34mSELECT "ar_internal_metadata".* FROM "ar_internal_metadata" WHERE "ar_internal_metadata"."key" = $1 LIMIT $2[0m  [["key", "environment"], ["LIMIT", 1]]
  [1m[35m (0.2ms)[0m  [1m[34mSELECT pg_advisory_unlock(1688244650143573830)[0m
  [1m[35m (0.7ms)[0m  [1m[34mSELECT "schema_migrations"."version" FROM "schema_migrations" ORDER BY "schema_migrations"."version" ASC[0m
  [1m[35m (0.2ms)[0m  [1m[34mSELECT pg_try_advisory_lock(1688244650143573830)[0m
  [1m[35m (0.6ms)[0m  [1m[34mSELECT "schema_migrations"."version" FROM "schema_migrations" ORDER BY "schema_migrations"."version" ASC[0m
  [1m[36mActiveRecord::InternalMetadata Load (0.3ms)[0m  [1m[34mSELECT "ar_internal_metadata".* FROM "ar_internal_metadata" WHERE "ar_internal_metadata"."key" = $1 LIMIT $2[0m  [["key", "environment"], ["LIMIT", 1]]
  [1m[35m (0.2ms)[0m  [1m[34mSELECT pg_advisory_unlock(1688244650143573830)[0m
  [1m[35m (0.5ms)[0m  [1m[34mSELECT "schema_migrations"."version" FROM "schema_migrations" ORDER BY "schema_migrations"."version" ASC[0m
  [1m[35m (0.5ms)[0m  [1m[34mSELECT "schema_migrations"."version" FROM "schema_migrations" ORDER BY "schema_migrations"."version" ASC[0m
  [1m[35m (0.2ms)[0m  [1m[34mSELECT "ar_internal_metadata"."value" FROM "ar_internal_metadata" WHERE "ar_internal_metadata"."key" = $1[0m  [["key", "environment"]]
  [1m[35m (0.2ms)[0m  [1m[34mSELECT "schema_migrations"."version" FROM "schema_migrations" ORDER BY "schema_migrations"."version" ASC[0m
  [1m[35m (0.1ms)[0m  [1m[34mSELECT "ar_internal_metadata"."value" FROM "ar_internal_metadata" WHERE "ar_internal_metadata"."key" = $1[0m  [["key", "environment"]]
  [1m[35m (0.1ms)[0m  [1m[34mSELECT "schema_migrations"."version" FROM "schema_migrations" ORDER BY "schema_migrations"."version" ASC[0m
  [1m[35m (0.1ms)[0m  [1m[34mSELECT "ar_internal_metadata"."value" FROM "ar_internal_metadata" WHERE "ar_internal_metadata"."key" = $1[0m  [["key", "environment"]]
  [1m[35m (8079.0ms)[0m  [1m[35mDROP DATABASE IF EXISTS "jordan_backend_development"[0m
  [1m[35m (0.4ms)[0m  [1m[34mSELECT "schema_migrations"."version" FROM "schema_migrations" ORDER BY "schema_migrations"."version" ASC[0m
  [1m[35m (0.2ms)[0m  [1m[34mSELECT "ar_internal_metadata"."value" FROM "ar_internal_metadata" WHERE "ar_internal_metadata"."key" = $1[0m  [["key", "environment"]]
  [1m[35m (0.1ms)[0m  [1m[34mSELECT "schema_migrations"."version" FROM "schema_migrations" ORDER BY "schema_migrations"."version" ASC[0m
  [1m[35m (0.2ms)[0m  [1m[34mSELECT "ar_internal_metadata"."value" FROM "ar_internal_metadata" WHERE "ar_internal_metadata"."key" = $1[0m  [["key", "environment"]]
  [1m[35m (0.1ms)[0m  [1m[34mSELECT "schema_migrations"."version" FROM "schema_migrations" ORDER BY "schema_migrations"."version" ASC[0m
  [1m[35m (0.1ms)[0m  [1m[34mSELECT "ar_internal_metadata"."value" FROM "ar_internal_metadata" WHERE "ar_internal_metadata"."key" = $1[0m  [["key", "environment"]]
  [1m[35m (42.3ms)[0m  [1m[35mDROP DATABASE IF EXISTS "jordan_backend_development"[0m
  [1m[35m (40.4ms)[0m  [1m[35mDROP DATABASE IF EXISTS "jordan_backend_test"[0m
  [1m[35m (125.6ms)[0m  [1m[35mCREATE DATABASE "jordan_backend_development" ENCODING = 'unicode'[0m
  [1m[35m (63.4ms)[0m  [1m[35mCREATE DATABASE "jordan_backend_test" ENCODING = 'unicode'[0m
  [1m[35mSQL (4.0ms)[0m  [1m[35mCREATE EXTENSION IF NOT EXISTS "plpgsql"[0m
  [1m[35m (0.7ms)[0m  [1m[35mDROP TABLE IF EXISTS "sneakers" CASCADE[0m
  [1m[35m (6.8ms)[0m  [1m[35mCREATE TABLE "sneakers" ("id" bigserial primary key, "name" character varying, "price" integer, "releaseDatecolorsAvailable" character varying, "category" character varying, "profilePic" character varying, "rightPic" character varying, "topPic" character varying, "solePic" character varying, "created_at" timestamp(6) NOT NULL, "updated_at" timestamp(6) NOT NULL)[0m
  [1m[35m (2.9ms)[0m  [1m[35mCREATE TABLE "schema_migrations" ("version" character varying NOT NULL PRIMARY KEY)[0m
  [1m[35m (0.3ms)[0m  [1m[34mSELECT "schema_migrations"."version" FROM "schema_migrations" ORDER BY "schema_migrations"."version" ASC[0m
  [1m[35m (0.6ms)[0m  [1m[32mINSERT INTO "schema_migrations" (version) VALUES (20200214213202)[0m
  [1m[35m (0.4ms)[0m  [1m[32mINSERT INTO "schema_migrations" (version) VALUES
(20200214211238);

[0m
  [1m[35m (1.9ms)[0m  [1m[35mCREATE TABLE "ar_internal_metadata" ("key" character varying NOT NULL PRIMARY KEY, "value" character varying, "created_at" timestamp(6) NOT NULL, "updated_at" timestamp(6) NOT NULL)[0m
  [1m[36mActiveRecord::InternalMetadata Load (0.2ms)[0m  [1m[34mSELECT "ar_internal_metadata".* FROM "ar_internal_metadata" WHERE "ar_internal_metadata"."key" = $1 LIMIT $2[0m  [["key", "environment"], ["LIMIT", 1]]
  [1m[35m (0.1ms)[0m  [1m[35mBEGIN[0m
  [1m[36mActiveRecord::InternalMetadata Create (0.3ms)[0m  [1m[32mINSERT INTO "ar_internal_metadata" ("key", "value", "created_at", "updated_at") VALUES ($1, $2, $3, $4) RETURNING "key"[0m  [["key", "environment"], ["value", "development"], ["created_at", "2020-02-14 21:35:24.419417"], ["updated_at", "2020-02-14 21:35:24.419417"]]
  [1m[35m (0.2ms)[0m  [1m[35mCOMMIT[0m
  [1m[36mActiveRecord::InternalMetadata Load (0.1ms)[0m  [1m[34mSELECT "ar_internal_metadata".* FROM "ar_internal_metadata" WHERE "ar_internal_metadata"."key" = $1 LIMIT $2[0m  [["key", "environment"], ["LIMIT", 1]]
  [1m[36mActiveRecord::InternalMetadata Load (0.2ms)[0m  [1m[34mSELECT "ar_internal_metadata".* FROM "ar_internal_metadata" WHERE "ar_internal_metadata"."key" = $1 LIMIT $2[0m  [["key", "schema_sha1"], ["LIMIT", 1]]
  [1m[35m (0.1ms)[0m  [1m[35mBEGIN[0m
  [1m[36mActiveRecord::InternalMetadata Create (0.2ms)[0m  [1m[32mINSERT INTO "ar_internal_metadata" ("key", "value", "created_at", "updated_at") VALUES ($1, $2, $3, $4) RETURNING "key"[0m  [["key", "schema_sha1"], ["value", "a72a4715ff804d2a3f7eaf731b27aefd9232a31b"], ["created_at", "2020-02-14 21:35:24.425842"], ["updated_at", "2020-02-14 21:35:24.425842"]]
  [1m[35m (0.4ms)[0m  [1m[35mCOMMIT[0m
  [1m[35mSQL (0.2ms)[0m  [1m[35mCREATE EXTENSION IF NOT EXISTS "plpgsql"[0m
  [1m[35m (0.1ms)[0m  [1m[35mDROP TABLE IF EXISTS "sneakers" CASCADE[0m
  [1m[35m (7.0ms)[0m  [1m[35mCREATE TABLE "sneakers" ("id" bigserial primary key, "name" character varying, "price" integer, "releaseDatecolorsAvailable" character varying, "category" character varying, "profilePic" character varying, "rightPic" character varying, "topPic" character varying, "solePic" character varying, "created_at" timestamp(6) NOT NULL, "updated_at" timestamp(6) NOT NULL)[0m
  [1m[35m (3.1ms)[0m  [1m[35mCREATE TABLE "schema_migrations" ("version" character varying NOT NULL PRIMARY KEY)[0m
  [1m[35m (0.4ms)[0m  [1m[34mSELECT "schema_migrations"."version" FROM "schema_migrations" ORDER BY "schema_migrations"."version" ASC[0m
  [1m[35m (0.7ms)[0m  [1m[32mINSERT INTO "schema_migrations" (version) VALUES (20200214213202)[0m
  [1m[35m (0.4ms)[0m  [1m[32mINSERT INTO "schema_migrations" (version) VALUES
(20200214211238);

[0m
  [1m[35m (3.8ms)[0m  [1m[35mCREATE TABLE "ar_internal_metadata" ("key" character varying NOT NULL PRIMARY KEY, "value" character varying, "created_at" timestamp(6) NOT NULL, "updated_at" timestamp(6) NOT NULL)[0m
  [1m[36mActiveRecord::InternalMetadata Load (0.4ms)[0m  [1m[34mSELECT "ar_internal_metadata".* FROM "ar_internal_metadata" WHERE "ar_internal_metadata"."key" = $1 LIMIT $2[0m  [["key", "environment"], ["LIMIT", 1]]
  [1m[35m (0.1ms)[0m  [1m[35mBEGIN[0m
  [1m[36mActiveRecord::InternalMetadata Create (0.5ms)[0m  [1m[32mINSERT INTO "ar_internal_metadata" ("key", "value", "created_at", "updated_at") VALUES ($1, $2, $3, $4) RETURNING "key"[0m  [["key", "environment"], ["value", "development"], ["created_at", "2020-02-14 21:35:24.471213"], ["updated_at", "2020-02-14 21:35:24.471213"]]
  [1m[35m (0.3ms)[0m  [1m[35mCOMMIT[0m
  [1m[36mActiveRecord::InternalMetadata Load (0.3ms)[0m  [1m[34mSELECT "ar_internal_metadata".* FROM "ar_internal_metadata" WHERE "ar_internal_metadata"."key" = $1 LIMIT $2[0m  [["key", "environment"], ["LIMIT", 1]]
  [1m[35m (0.1ms)[0m  [1m[35mBEGIN[0m
  [1m[36mActiveRecord::InternalMetadata Update (1.5ms)[0m  [1m[33mUPDATE "ar_internal_metadata" SET "value" = $1, "updated_at" = $2 WHERE "ar_internal_metadata"."key" = $3[0m  [["value", "test"], ["updated_at", "2020-02-14 21:35:24.478117"], ["key", "environment"]]
  [1m[35m (0.4ms)[0m  [1m[35mCOMMIT[0m
  [1m[36mActiveRecord::InternalMetadata Load (0.2ms)[0m  [1m[34mSELECT "ar_internal_metadata".* FROM "ar_internal_metadata" WHERE "ar_internal_metadata"."key" = $1 LIMIT $2[0m  [["key", "schema_sha1"], ["LIMIT", 1]]
  [1m[35m (0.2ms)[0m  [1m[35mBEGIN[0m
  [1m[36mActiveRecord::InternalMetadata Create (0.3ms)[0m  [1m[32mINSERT INTO "ar_internal_metadata" ("key", "value", "created_at", "updated_at") VALUES ($1, $2, $3, $4) RETURNING "key"[0m  [["key", "schema_sha1"], ["value", "a72a4715ff804d2a3f7eaf731b27aefd9232a31b"], ["created_at", "2020-02-14 21:35:24.485969"], ["updated_at", "2020-02-14 21:35:24.485969"]]
  [1m[35m (0.4ms)[0m  [1m[35mCOMMIT[0m
  [1m[35m (0.4ms)[0m  [1m[34mSELECT "schema_migrations"."version" FROM "schema_migrations" ORDER BY "schema_migrations"."version" ASC[0m
  [1m[35m (4.0ms)[0m  [1m[34mSELECT pg_try_advisory_lock(1688244650143573830)[0m
  [1m[35m (0.5ms)[0m  [1m[34mSELECT "schema_migrations"."version" FROM "schema_migrations" ORDER BY "schema_migrations"."version" ASC[0m
Migrating to RemovereleaseDatecolorsAvailableFromSneakers (20200214213718)
  [1m[35m (0.2ms)[0m  [1m[35mBEGIN[0m
  [1m[35m (4.2ms)[0m  [1m[35mALTER TABLE "sneakers" DROP COLUMN "releaseDatecolorsAvailable"[0m
  [1m[36mprimary::SchemaMigration Create (1.7ms)[0m  [1m[32mINSERT INTO "schema_migrations" ("version") VALUES ($1) RETURNING "version"[0m  [["version", "20200214213718"]]
  [1m[35m (1.9ms)[0m  [1m[35mCOMMIT[0m
Migrating to AddreleaseDateToSneakers (20200214213901)
  [1m[35m (0.3ms)[0m  [1m[34mSELECT pg_advisory_unlock(1688244650143573830)[0m
  [1m[35m (0.1ms)[0m  [1m[34mSELECT pg_try_advisory_lock(1688244650143573830)[0m
  [1m[35m (0.5ms)[0m  [1m[34mSELECT "schema_migrations"."version" FROM "schema_migrations" ORDER BY "schema_migrations"."version" ASC[0m
Migrating to AddreleaseDateToSneakers (20200214213901)
  [1m[35m (0.1ms)[0m  [1m[35mBEGIN[0m
  [1m[35m (7.7ms)[0m  [1m[35mALTER TABLE "sneakers" ADD "releaseDate" character varying[0m
  [1m[36mprimary::SchemaMigration Create (0.2ms)[0m  [1m[32mINSERT INTO "schema_migrations" ("version") VALUES ($1) RETURNING "version"[0m  [["version", "20200214213901"]]
  [1m[35m (0.5ms)[0m  [1m[35mCOMMIT[0m
Migrating to AddcolorsAvailableToSneakers (20200214213942)
  [1m[35m (0.1ms)[0m  [1m[35mBEGIN[0m
  [1m[35m (0.3ms)[0m  [1m[35mALTER TABLE "sneakers" ADD "colorsAvailable" character varying[0m
  [1m[36mprimary::SchemaMigration Create (0.2ms)[0m  [1m[32mINSERT INTO "schema_migrations" ("version") VALUES ($1) RETURNING "version"[0m  [["version", "20200214213942"]]
  [1m[35m (0.8ms)[0m  [1m[35mCOMMIT[0m
  [1m[36mActiveRecord::InternalMetadata Load (0.3ms)[0m  [1m[34mSELECT "ar_internal_metadata".* FROM "ar_internal_metadata" WHERE "ar_internal_metadata"."key" = $1 LIMIT $2[0m  [["key", "environment"], ["LIMIT", 1]]
  [1m[35m (0.1ms)[0m  [1m[34mSELECT pg_advisory_unlock(1688244650143573830)[0m
  [1m[35m (0.4ms)[0m  [1m[34mSELECT "schema_migrations"."version" FROM "schema_migrations" ORDER BY "schema_migrations"."version" ASC[0m
  [1m[35m (0.5ms)[0m  [1m[34mSELECT "schema_migrations"."version" FROM "schema_migrations" ORDER BY "schema_migrations"."version" ASC[0m
  [1m[35m (0.2ms)[0m  [1m[35mBEGIN[0m
  [1m[36mSneaker Create (3.6ms)[0m  [1m[32mINSERT INTO "sneakers" ("name", "price", "category", "profilePic", "rightPic", "topPic", "solePic", "created_at", "updated_at", "releaseDate", "colorsAvailable") VALUES ($1, $2, $3, $4, $5, $6, $7, $8, $9, $10, $11) RETURNING "id"[0m  [["name", "Air Jordan 10 Retro Wings"], ["price", 190], ["category", "Men's Shoe"], ["profilePic", "https://c.static-nike.com/a/images/t_PDP_1280_v1/f_auto,b_rgb:f5f5f5/3ec5a363-7dcf-4d28-9eba-6470c4096bfe/air-jordan-10-retro-wings-mens-shoe-v7vSdH.jpg(86 kB)"], ["rightPic", "https://c.static-nike.com/a/images/t_PDP_1280_v1/f_auto,b_rgb:f5f5f5,q_80/8148789d-930a-4bfc-ab28-6a5771125732/air-jordan-10-retro-wings-mens-shoe-v7vSdH.jpg(77 kB)"], ["topPic", "https://c.static-nike.com/a/images/t_PDP_1280_v1/f_auto,b_rgb:f5f5f5,q_80/06c4350b-dbfd-4d10-93f9-fddb88abca53/air-jordan-10-retro-wings-mens-shoe-v7vSdH.jpg(155 kB)"], ["solePic", "https://c.static-nike.com/a/images/t_PDP_1280_v1/f_auto,b_rgb:f5f5f5,q_80/12f78c4d-5f62-4da7-ad30-cbd0c68ccd48/air-jordan-10-retro-wings-mens-shoe-v7vSdH.jpg(41 kB)"], ["created_at", "2020-02-14 22:09:26.838368"], ["updated_at", "2020-02-14 22:09:26.838368"], ["releaseDate", "Just In"], ["colorsAvailable", "White"]]
  [1m[35m (1.8ms)[0m  [1m[35mCOMMIT[0m
Started GET "/" for ::1 at 2020-02-14 17:23:46 -0500
  [1m[35m (0.5ms)[0m  [1m[34mSELECT "schema_migrations"."version" FROM "schema_migrations" ORDER BY "schema_migrations"."version" ASC[0m
Processing by Rails::WelcomeController#index as HTML
  Rendering /Library/Ruby/Gems/2.6.0/gems/railties-6.0.2.1/lib/rails/templates/rails/welcome/index.html.erb
  Rendered /Library/Ruby/Gems/2.6.0/gems/railties-6.0.2.1/lib/rails/templates/rails/welcome/index.html.erb (Duration: 8.7ms | Allocations: 479)
Completed 200 OK in 21ms (Views: 15.8ms | ActiveRecord: 0.0ms | Allocations: 2627)


Started GET "/" for ::1 at 2020-02-14 17:23:53 -0500
Processing by Rails::WelcomeController#index as HTML
  Rendering /Library/Ruby/Gems/2.6.0/gems/railties-6.0.2.1/lib/rails/templates/rails/welcome/index.html.erb
  Rendered /Library/Ruby/Gems/2.6.0/gems/railties-6.0.2.1/lib/rails/templates/rails/welcome/index.html.erb (Duration: 11.6ms | Allocations: 191)
Completed 200 OK in 15ms (Views: 13.3ms | ActiveRecord: 0.0ms | Allocations: 726)


Started GET "/sneakers" for ::1 at 2020-02-14 17:24:05 -0500
Processing by SneakersController#index as HTML
  [1m[36mSneaker Load (0.7ms)[0m  [1m[34mSELECT "sneakers".* FROM "sneakers"[0m
  ↳ app/controllers/sneakers_controller.rb:8:in `index'
Completed 200 OK in 19ms (Views: 12.2ms | ActiveRecord: 4.7ms | Allocations: 9337)


  [1m[35m (0.4ms)[0m  [1m[34mSELECT "schema_migrations"."version" FROM "schema_migrations" ORDER BY "schema_migrations"."version" ASC[0m
  [1m[35m (0.3ms)[0m  [1m[34mSELECT "ar_internal_metadata"."value" FROM "ar_internal_metadata" WHERE "ar_internal_metadata"."key" = $1[0m  [["key", "environment"]]
  [1m[35m (0.2ms)[0m  [1m[34mSELECT "schema_migrations"."version" FROM "schema_migrations" ORDER BY "schema_migrations"."version" ASC[0m
  [1m[35m (0.1ms)[0m  [1m[34mSELECT "ar_internal_metadata"."value" FROM "ar_internal_metadata" WHERE "ar_internal_metadata"."key" = $1[0m  [["key", "environment"]]
  [1m[35m (0.1ms)[0m  [1m[34mSELECT "schema_migrations"."version" FROM "schema_migrations" ORDER BY "schema_migrations"."version" ASC[0m
  [1m[35m (0.1ms)[0m  [1m[34mSELECT "ar_internal_metadata"."value" FROM "ar_internal_metadata" WHERE "ar_internal_metadata"."key" = $1[0m  [["key", "environment"]]
  [1m[35m (1338.7ms)[0m  [1m[35mDROP DATABASE IF EXISTS "jordan_backend_development"[0m
  [1m[35m (31.9ms)[0m  [1m[35mDROP DATABASE IF EXISTS "jordan_backend_test"[0m
  [1m[35m (135.0ms)[0m  [1m[35mCREATE DATABASE "jordan_backend_development" ENCODING = 'unicode'[0m
  [1m[35m (56.8ms)[0m  [1m[35mCREATE DATABASE "jordan_backend_test" ENCODING = 'unicode'[0m
  [1m[35mSQL (0.5ms)[0m  [1m[35mCREATE EXTENSION IF NOT EXISTS "plpgsql"[0m
  [1m[35m (0.2ms)[0m  [1m[35mDROP TABLE IF EXISTS "sneakers" CASCADE[0m
  [1m[35m (11.1ms)[0m  [1m[35mCREATE TABLE "sneakers" ("id" bigserial primary key, "name" character varying, "price" integer, "category" character varying, "profilePic" character varying, "rightPic" character varying, "topPic" character varying, "solePic" character varying, "created_at" timestamp(6) NOT NULL, "updated_at" timestamp(6) NOT NULL, "releaseDate" character varying, "colorsAvailable" character varying)[0m
  [1m[35m (3.2ms)[0m  [1m[35mCREATE TABLE "schema_migrations" ("version" character varying NOT NULL PRIMARY KEY)[0m
  [1m[35m (0.8ms)[0m  [1m[34mSELECT "schema_migrations"."version" FROM "schema_migrations" ORDER BY "schema_migrations"."version" ASC[0m
  [1m[35m (0.7ms)[0m  [1m[32mINSERT INTO "schema_migrations" (version) VALUES (20200214213942)[0m
  [1m[35m (0.4ms)[0m  [1m[32mINSERT INTO "schema_migrations" (version) VALUES
(20200214211238),
(20200214213202),
(20200214213718),
(20200214213901);

[0m
  [1m[35m (2.1ms)[0m  [1m[35mCREATE TABLE "ar_internal_metadata" ("key" character varying NOT NULL PRIMARY KEY, "value" character varying, "created_at" timestamp(6) NOT NULL, "updated_at" timestamp(6) NOT NULL)[0m
  [1m[36mActiveRecord::InternalMetadata Load (0.3ms)[0m  [1m[34mSELECT "ar_internal_metadata".* FROM "ar_internal_metadata" WHERE "ar_internal_metadata"."key" = $1 LIMIT $2[0m  [["key", "environment"], ["LIMIT", 1]]
  [1m[35m (0.1ms)[0m  [1m[35mBEGIN[0m
  [1m[36mActiveRecord::InternalMetadata Create (0.7ms)[0m  [1m[32mINSERT INTO "ar_internal_metadata" ("key", "value", "created_at", "updated_at") VALUES ($1, $2, $3, $4) RETURNING "key"[0m  [["key", "environment"], ["value", "development"], ["created_at", "2020-02-14 22:55:12.066936"], ["updated_at", "2020-02-14 22:55:12.066936"]]
  [1m[35m (0.4ms)[0m  [1m[35mCOMMIT[0m
  [1m[36mActiveRecord::InternalMetadata Load (0.3ms)[0m  [1m[34mSELECT "ar_internal_metadata".* FROM "ar_internal_metadata" WHERE "ar_internal_metadata"."key" = $1 LIMIT $2[0m  [["key", "environment"], ["LIMIT", 1]]
  [1m[36mActiveRecord::InternalMetadata Load (0.3ms)[0m  [1m[34mSELECT "ar_internal_metadata".* FROM "ar_internal_metadata" WHERE "ar_internal_metadata"."key" = $1 LIMIT $2[0m  [["key", "schema_sha1"], ["LIMIT", 1]]
  [1m[35m (0.2ms)[0m  [1m[35mBEGIN[0m
  [1m[36mActiveRecord::InternalMetadata Create (0.2ms)[0m  [1m[32mINSERT INTO "ar_internal_metadata" ("key", "value", "created_at", "updated_at") VALUES ($1, $2, $3, $4) RETURNING "key"[0m  [["key", "schema_sha1"], ["value", "2bfcc9c9f9131288c5864099d5770127839be750"], ["created_at", "2020-02-14 22:55:12.076496"], ["updated_at", "2020-02-14 22:55:12.076496"]]
  [1m[35m (0.5ms)[0m  [1m[35mCOMMIT[0m
  [1m[35mSQL (0.3ms)[0m  [1m[35mCREATE EXTENSION IF NOT EXISTS "plpgsql"[0m
  [1m[35m (0.1ms)[0m  [1m[35mDROP TABLE IF EXISTS "sneakers" CASCADE[0m
  [1m[35m (6.4ms)[0m  [1m[35mCREATE TABLE "sneakers" ("id" bigserial primary key, "name" character varying, "price" integer, "category" character varying, "profilePic" character varying, "rightPic" character varying, "topPic" character varying, "solePic" character varying, "created_at" timestamp(6) NOT NULL, "updated_at" timestamp(6) NOT NULL, "releaseDate" character varying, "colorsAvailable" character varying)[0m
  [1m[35m (2.4ms)[0m  [1m[35mCREATE TABLE "schema_migrations" ("version" character varying NOT NULL PRIMARY KEY)[0m
  [1m[35m (0.3ms)[0m  [1m[34mSELECT "schema_migrations"."version" FROM "schema_migrations" ORDER BY "schema_migrations"."version" ASC[0m
  [1m[35m (0.4ms)[0m  [1m[32mINSERT INTO "schema_migrations" (version) VALUES (20200214213942)[0m
  [1m[35m (0.4ms)[0m  [1m[32mINSERT INTO "schema_migrations" (version) VALUES
(20200214211238),
(20200214213202),
(20200214213718),
(20200214213901);

[0m
  [1m[35m (2.2ms)[0m  [1m[35mCREATE TABLE "ar_internal_metadata" ("key" character varying NOT NULL PRIMARY KEY, "value" character varying, "created_at" timestamp(6) NOT NULL, "updated_at" timestamp(6) NOT NULL)[0m
  [1m[36mActiveRecord::InternalMetadata Load (0.2ms)[0m  [1m[34mSELECT "ar_internal_metadata".* FROM "ar_internal_metadata" WHERE "ar_internal_metadata"."key" = $1 LIMIT $2[0m  [["key", "environment"], ["LIMIT", 1]]
  [1m[35m (0.1ms)[0m  [1m[35mBEGIN[0m
  [1m[36mActiveRecord::InternalMetadata Create (0.3ms)[0m  [1m[32mINSERT INTO "ar_internal_metadata" ("key", "value", "created_at", "updated_at") VALUES ($1, $2, $3, $4) RETURNING "key"[0m  [["key", "environment"], ["value", "development"], ["created_at", "2020-02-14 22:55:12.127780"], ["updated_at", "2020-02-14 22:55:12.127780"]]
  [1m[35m (0.2ms)[0m  [1m[35mCOMMIT[0m
  [1m[36mActiveRecord::InternalMetadata Load (0.1ms)[0m  [1m[34mSELECT "ar_internal_metadata".* FROM "ar_internal_metadata" WHERE "ar_internal_metadata"."key" = $1 LIMIT $2[0m  [["key", "environment"], ["LIMIT", 1]]
  [1m[35m (0.1ms)[0m  [1m[35mBEGIN[0m
  [1m[36mActiveRecord::InternalMetadata Update (0.3ms)[0m  [1m[33mUPDATE "ar_internal_metadata" SET "value" = $1, "updated_at" = $2 WHERE "ar_internal_metadata"."key" = $3[0m  [["value", "test"], ["updated_at", "2020-02-14 22:55:12.132228"], ["key", "environment"]]
  [1m[35m (0.3ms)[0m  [1m[35mCOMMIT[0m
  [1m[36mActiveRecord::InternalMetadata Load (0.2ms)[0m  [1m[34mSELECT "ar_internal_metadata".* FROM "ar_internal_metadata" WHERE "ar_internal_metadata"."key" = $1 LIMIT $2[0m  [["key", "schema_sha1"], ["LIMIT", 1]]
  [1m[35m (0.1ms)[0m  [1m[35mBEGIN[0m
  [1m[36mActiveRecord::InternalMetadata Create (0.2ms)[0m  [1m[32mINSERT INTO "ar_internal_metadata" ("key", "value", "created_at", "updated_at") VALUES ($1, $2, $3, $4) RETURNING "key"[0m  [["key", "schema_sha1"], ["value", "2bfcc9c9f9131288c5864099d5770127839be750"], ["created_at", "2020-02-14 22:55:12.136288"], ["updated_at", "2020-02-14 22:55:12.136288"]]
  [1m[35m (0.2ms)[0m  [1m[35mCOMMIT[0m
  [1m[35m (0.8ms)[0m  [1m[34mSELECT "schema_migrations"."version" FROM "schema_migrations" ORDER BY "schema_migrations"."version" ASC[0m
  [1m[35m (0.1ms)[0m  [1m[35mBEGIN[0m
  [1m[36mSneaker Create (0.7ms)[0m  [1m[32mINSERT INTO "sneakers" ("name", "price", "category", "profilePic", "rightPic", "topPic", "solePic", "created_at", "updated_at", "releaseDate", "colorsAvailable") VALUES ($1, $2, $3, $4, $5, $6, $7, $8, $9, $10, $11) RETURNING "id"[0m  [["name", "Air Jordan 10 Retro Wings"], ["price", 190], ["category", "Men's Shoe"], ["profilePic", "https://c.static-nike.com/a/images/t_PDP_1280_v1/f_auto,b_rgb:f5f5f5/3ec5a363-7dcf-4d28-9eba-6470c4096bfe/air-jordan-10-retro-wings-mens-shoe-v7vSdH.jpg(86 kB)"], ["rightPic", "https://c.static-nike.com/a/images/t_PDP_1280_v1/f_auto,b_rgb:f5f5f5,q_80/8148789d-930a-4bfc-ab28-6a5771125732/air-jordan-10-retro-wings-mens-shoe-v7vSdH.jpg(77 kB)"], ["topPic", "https://c.static-nike.com/a/images/t_PDP_1280_v1/f_auto,b_rgb:f5f5f5,q_80/06c4350b-dbfd-4d10-93f9-fddb88abca53/air-jordan-10-retro-wings-mens-shoe-v7vSdH.jpg(155 kB)"], ["solePic", "https://c.static-nike.com/a/images/t_PDP_1280_v1/f_auto,b_rgb:f5f5f5,q_80/12f78c4d-5f62-4da7-ad30-cbd0c68ccd48/air-jordan-10-retro-wings-mens-shoe-v7vSdH.jpg(41 kB)"], ["created_at", "2020-02-14 22:55:12.175182"], ["updated_at", "2020-02-14 22:55:12.175182"], ["releaseDate", "Just In"], ["colorsAvailable", "White"]]
  [1m[35m (0.4ms)[0m  [1m[35mCOMMIT[0m
  [1m[35m (0.2ms)[0m  [1m[35mBEGIN[0m
  [1m[36mSneaker Create (0.3ms)[0m  [1m[32mINSERT INTO "sneakers" ("name", "price", "category", "profilePic", "rightPic", "topPic", "solePic", "created_at", "updated_at", "releaseDate", "colorsAvailable") VALUES ($1, $2, $3, $4, $5, $6, $7, $8, $9, $10, $11) RETURNING "id"[0m  [["name", "Air Jordan 3 Retro SE"], ["price", 200], ["category", "Men's Shoe"], ["profilePic", "https://c.static-nike.com/a/images/t_PDP_1280_v1/f_auto,b_rgb:f5f5f5/64d84f77-b937-47e8-9ad6-a830b66d1f41/air-jordan-3-retro-se-mens-shoe-jzW36H.jpg"], ["rightPic", "https://c.static-nike.com/a/images/t_PDP_1280_v1/f_auto,b_rgb:f5f5f5,q_80/6cbd1103-fd69-4863-998d-a11b55e1deb0/air-jordan-3-retro-se-mens-shoe-jzW36H.jpg"], ["topPic", "https://c.static-nike.com/a/images/t_PDP_1280_v1/f_auto,b_rgb:f5f5f5,q_80/f26e08ee-fec5-4b38-ac28-dab199ce90d5/air-jordan-3-retro-se-mens-shoe-jzW36H.jpg"], ["solePic", "https://c.static-nike.com/a/images/t_PDP_1280_v1/f_auto,b_rgb:f5f5f5,q_80/0e5f0180-48a6-4c41-bf9d-4620daaab85a/air-jordan-3-retro-se-mens-shoe-jzW36H.jpg"], ["created_at", "2020-02-14 22:55:12.178821"], ["updated_at", "2020-02-14 22:55:12.178821"], ["releaseDate", "Coming Soon"], ["colorsAvailable", "Red"]]
  [1m[35m (0.4ms)[0m  [1m[35mCOMMIT[0m
  [1m[35m (0.1ms)[0m  [1m[35mBEGIN[0m
  [1m[36mSneaker Create (0.3ms)[0m  [1m[32mINSERT INTO "sneakers" ("name", "price", "category", "profilePic", "rightPic", "topPic", "solePic", "created_at", "updated_at", "releaseDate", "colorsAvailable") VALUES ($1, $2, $3, $4, $5, $6, $7, $8, $9, $10, $11) RETURNING "id"[0m  [["name", "Jordan 'Why Not?' Zer0.3"], ["price", 130], ["category", "Men's Basketball Shoe"], ["profilePic", "https://c.static-nike.com/a/images/t_PDP_1280_v1/f_auto,b_rgb:f5f5f5/1988ed41-b8dd-448f-bb5a-5b748cd7a6b7/jordan-why-not-zer03-mens-basketball-shoe-LJCLGj.jpg"], ["rightPic", "https://c.static-nike.com/a/images/t_PDP_1280_v1/f_auto,b_rgb:f5f5f5,q_80/ff5218c1-7e19-406b-b065-20b149600d5b/jordan-why-not-zer03-mens-basketball-shoe-LJCLGj.jpg"], ["topPic", "https://c.static-nike.com/a/images/t_PDP_1280_v1/f_auto,b_rgb:f5f5f5,q_80/81fc8fb9-4357-4ee5-8d87-c4ce8c59f12c/jordan-why-not-zer03-mens-basketball-shoe-LJCLGj.jpg"], ["solePic", "https://c.static-nike.com/a/images/t_PDP_1280_v1/f_auto,b_rgb:f5f5f5,q_80/1496ef60-6ab8-4a07-9523-b8b34283a0c7/jordan-why-not-zer03-mens-basketball-shoe-LJCLGj.jpg"], ["created_at", "2020-02-14 22:55:12.182462"], ["updated_at", "2020-02-14 22:55:12.182462"], ["releaseDate", "Just In"], ["colorsAvailable", "White, Silver"]]
  [1m[35m (0.3ms)[0m  [1m[35mCOMMIT[0m
  [1m[35m (0.2ms)[0m  [1m[35mBEGIN[0m
  [1m[36mSneaker Create (0.3ms)[0m  [1m[32mINSERT INTO "sneakers" ("name", "price", "category", "profilePic", "rightPic", "topPic", "solePic", "created_at", "updated_at", "releaseDate", "colorsAvailable") VALUES ($1, $2, $3, $4, $5, $6, $7, $8, $9, $10, $11) RETURNING "id"[0m  [["name", "Air Jordan XXXIV"], ["price", 180], ["category", "Basketball Shoe"], ["profilePic", "https://c.static-nike.com/a/images/t_PDP_1280_v1/f_auto,b_rgb:f5f5f5/d51adffd-e001-425c-a870-1dc5285f3d94/air-jordan-xxxiv-basketball-shoe-RG4jCV.jpg"], ["rightPic", "https://c.static-nike.com/a/images/t_PDP_1280_v1/f_auto,b_rgb:f5f5f5,q_80/3e122b5a-d890-4fcb-9359-bb58391106df/air-jordan-xxxiv-basketball-shoe-RG4jCV.jpg"], ["topPic", "https://c.static-nike.com/a/images/t_PDP_1280_v1/f_auto,b_rgb:f5f5f5,q_80/be69c288-15de-4ed1-a46f-c966aeded7fb/air-jordan-xxxiv-basketball-shoe-RG4jCV.jpg"], ["solePic", "https://c.static-nike.com/a/images/t_PDP_1280_v1/f_auto,b_rgb:f5f5f5,q_80/25358fc8-d0e0-4c28-b7f6-365b8a0a55d6/air-jordan-xxxiv-basketball-shoe-RG4jCV.jpg"], ["created_at", "2020-02-14 22:55:12.185577"], ["updated_at", "2020-02-14 22:55:12.185577"], ["releaseDate", "Just In"], ["colorsAvailable", "Black, White, Amber, Red"]]
  [1m[35m (0.3ms)[0m  [1m[35mCOMMIT[0m
  [1m[35m (0.1ms)[0m  [1m[35mBEGIN[0m
  [1m[36mSneaker Create (0.2ms)[0m  [1m[32mINSERT INTO "sneakers" ("name", "price", "category", "profilePic", "rightPic", "topPic", "solePic", "created_at", "updated_at", "releaseDate", "colorsAvailable") VALUES ($1, $2, $3, $4, $5, $6, $7, $8, $9, $10, $11) RETURNING "id"[0m  [["name", "Jordan Aerospace 720"], ["price", 210], ["category", "Men's Shoe"], ["profilePic", "https://c.static-nike.com/a/images/t_PDP_1280_v1/f_auto,b_rgb:f5f5f5/1b7d25a2-15b4-49b8-83bc-3bf07cd5b78a/jordan-aerospace-720-mens-shoe-xLJ9BN.jpg"], ["rightPic", "https://c.static-nike.com/a/images/t_PDP_1280_v1/f_auto,b_rgb:f5f5f5,q_80/9d211516-89c8-4e28-bb72-9dca3a09007b/jordan-aerospace-720-mens-shoe-xLJ9BN.jpg"], ["topPic", "https://c.static-nike.com/a/images/t_PDP_1280_v1/f_auto,b_rgb:f5f5f5,q_80/b2b7c8ce-baf8-4d4a-b58c-f1c32a948207/jordan-aerospace-720-mens-shoe-xLJ9BN.jpg"], ["solePic", "https://c.static-nike.com/a/images/t_PDP_1280_v1/f_auto,b_rgb:f5f5f5,q_80/4d299394-244e-4055-8aef-4e6f4a287298/jordan-aerospace-720-mens-shoe-xLJ9BN.jpg"], ["created_at", "2020-02-14 22:55:12.188954"], ["updated_at", "2020-02-14 22:55:12.188954"], ["releaseDate", "Coming Soon"], ["colorsAvailable", "Blue"]]
  [1m[35m (0.2ms)[0m  [1m[35mCOMMIT[0m
Started GET "/sneakers" for ::1 at 2020-02-14 17:55:27 -0500
  [1m[35m (0.5ms)[0m  [1m[34mSELECT "schema_migrations"."version" FROM "schema_migrations" ORDER BY "schema_migrations"."version" ASC[0m
Processing by SneakersController#index as HTML
  [1m[36mSneaker Load (0.4ms)[0m  [1m[34mSELECT "sneakers".* FROM "sneakers"[0m
  ↳ app/controllers/sneakers_controller.rb:8:in `index'
Completed 200 OK in 14ms (Views: 9.1ms | ActiveRecord: 3.8ms | Allocations: 10227)


Started GET "/favicon.ico" for ::1 at 2020-02-14 17:55:28 -0500
  
ActionController::RoutingError (No route matches [GET] "/favicon.ico"):
  
actionpack (6.0.2.1) lib/action_dispatch/middleware/debug_exceptions.rb:36:in `call'
actionpack (6.0.2.1) lib/action_dispatch/middleware/show_exceptions.rb:33:in `call'
railties (6.0.2.1) lib/rails/rack/logger.rb:38:in `call_app'
railties (6.0.2.1) lib/rails/rack/logger.rb:26:in `block in call'
activesupport (6.0.2.1) lib/active_support/tagged_logging.rb:80:in `block in tagged'
activesupport (6.0.2.1) lib/active_support/tagged_logging.rb:28:in `tagged'
activesupport (6.0.2.1) lib/active_support/tagged_logging.rb:80:in `tagged'
railties (6.0.2.1) lib/rails/rack/logger.rb:26:in `call'
actionpack (6.0.2.1) lib/action_dispatch/middleware/remote_ip.rb:81:in `call'
actionpack (6.0.2.1) lib/action_dispatch/middleware/request_id.rb:27:in `call'
rack (2.2.2) lib/rack/runtime.rb:22:in `call'
activesupport (6.0.2.1) lib/active_support/cache/strategy/local_cache_middleware.rb:29:in `call'
actionpack (6.0.2.1) lib/action_dispatch/middleware/executor.rb:14:in `call'
actionpack (6.0.2.1) lib/action_dispatch/middleware/static.rb:126:in `call'
rack (2.2.2) lib/rack/sendfile.rb:110:in `call'
actionpack (6.0.2.1) lib/action_dispatch/middleware/host_authorization.rb:83:in `call'
railties (6.0.2.1) lib/rails/engine.rb:526:in `call'
puma (4.3.1) lib/puma/configuration.rb:228:in `call'
puma (4.3.1) lib/puma/server.rb:681:in `handle_request'
puma (4.3.1) lib/puma/server.rb:472:in `process_client'
puma (4.3.1) lib/puma/server.rb:328:in `block in run'
puma (4.3.1) lib/puma/thread_pool.rb:134:in `block in spawn_thread'
Started GET "/" for ::1 at 2020-02-14 17:59:59 -0500
  [1m[35m (1.1ms)[0m  [1m[34mSELECT "schema_migrations"."version" FROM "schema_migrations" ORDER BY "schema_migrations"."version" ASC[0m
Processing by WelcomeController#index as HTML
Completed 200 OK in 0ms (Views: 0.2ms | ActiveRecord: 0.0ms | Allocations: 176)


Started GET "/sneakers" for ::1 at 2020-02-14 18:00:10 -0500
Processing by SneakersController#index as HTML
  [1m[36mSneaker Load (0.5ms)[0m  [1m[34mSELECT "sneakers".* FROM "sneakers"[0m
  ↳ app/controllers/sneakers_controller.rb:8:in `index'
Completed 200 OK in 19ms (Views: 12.1ms | ActiveRecord: 4.6ms | Allocations: 10185)


